<?xml version="1.0" encoding="UTF-8"?>
<TestRun id="7ca49c88-5443-4c31-8f0a-ca84cc2bac7f" name="Masekela@MASEKELA-PC 2012-05-04 23:53:23" runUser="Masekela-PC\Masekela" xmlns="http://microsoft.com/schemas/VisualStudio/TeamTest/2010">
  <TestSettings name="Local" id="028481ce-18f8-4c93-ae56-54a3a6e6bada">
    <Description>These are default test settings for a local test run.</Description>
    <Deployment enabled="false" runDeploymentRoot="Masekela_MASEKELA-PC 2012-05-04 23_53_23">
      <DeploymentItem filename="c:\users\masekela\documents\visual studio 2010\Projects\HisBodyManager\HisBodyManager.DataAccess\bin\Debug\HisBodyManager.DataAccess.dll" />
      <DeploymentItem filename="c:\users\masekela\documents\visual studio 2010\Projects\HisBodyManager\HisBodyManager.Library\bin\Debug\HisBodyManager.Library.dll" />
    </Deployment>
    <Execution>
      <TestTypeSpecific />
      <AgentRule name="Execution Agents">
      </AgentRule>
    </Execution>
  </TestSettings>
  <Times creation="2012-05-04T23:53:23.3211456-07:00" queuing="2012-05-04T23:53:32.8956932-07:00" start="2012-05-04T23:53:33.3747206-07:00" finish="2012-05-04T23:54:33.8811814-07:00" />
  <ResultSummary outcome="Error">
    <Counters total="3" executed="2" error="0" failed="1" timeout="0" aborted="1" inconclusive="0" passedButRunAborted="0" notRunnable="0" notExecuted="1" disconnected="0" warning="0" passed="0" completed="0" inProgress="0" pending="0" />
    <RunInfos>
      <RunInfo computerName="MASEKELA-PC" outcome="Error" timestamp="2012-05-04T23:54:33.7961765-07:00">
        <Text>Test host process exited unexpectedly.</Text>
      </RunInfo>
    </RunInfos>
  </ResultSummary>
  <TestDefinitions>
    <UnitTest name="Test_That_UserGroup_IsFullyLoading" storage="c:\users\masekela\documents\visual studio 2010\projects\hisbodymanager\hisbodymanager.tests1\bin\debug\hisbodymanager.tests1.dll" id="53f08f3f-d925-9060-7d0b-111e549ad640">
      <Execution id="e26c2af9-f868-4773-8218-902a764d76c2" />
      <TestMethod codeBase="c:/users/masekela/documents/visual studio 2010/Projects/HisBodyManager/HisBodyManager.Tests1/bin/Debug/HisBodyManager.Tests1.DLL" adapterTypeName="Microsoft.VisualStudio.TestTools.TestTypes.Unit.UnitTestAdapter, Microsoft.VisualStudio.QualityTools.Tips.UnitTest.Adapter, Version=10.0.0.0, Culture=neutral, PublicKeyToken=b03f5f7f11d50a3a" className="HisBodyManager.Tests1.UserEntitiesTests, HisBodyManager.Tests1, Version=1.0.0.0, Culture=neutral, PublicKeyToken=null" name="Test_That_UserGroup_IsFullyLoading" />
    </UnitTest>
    <UnitTest name="User_Test_That_It_Is_Working" storage="c:\users\masekela\documents\visual studio 2010\projects\hisbodymanager\hisbodymanager.tests1\bin\debug\hisbodymanager.tests1.dll" id="f3dc30d0-0495-bf48-6b87-fbe99048a844">
      <Execution id="a6a217af-5092-4178-b837-252f9008c6e7" />
      <TestMethod codeBase="c:/users/masekela/documents/visual studio 2010/Projects/HisBodyManager/HisBodyManager.Tests1/bin/Debug/HisBodyManager.Tests1.DLL" adapterTypeName="Microsoft.VisualStudio.TestTools.TestTypes.Unit.UnitTestAdapter, Microsoft.VisualStudio.QualityTools.Tips.UnitTest.Adapter, Version=10.0.0.0, Culture=neutral, PublicKeyToken=b03f5f7f11d50a3a" className="HisBodyManager.Tests1.UserEntitiesTests, HisBodyManager.Tests1, Version=1.0.0.0, Culture=neutral, PublicKeyToken=null" name="User_Test_That_It_Is_Working" />
    </UnitTest>
    <UnitTest name="TestMethod1" storage="c:\users\masekela\documents\visual studio 2010\projects\hisbodymanager\hisbodymanager.server.tests\bin\debug\hisbodymanager.server.tests.dll" id="ea795352-e834-3880-357a-52eab3dc0fec">
      <Execution id="2fbedf67-abfa-424d-b7e7-92dc64a961e0" />
      <TestMethod codeBase="c:/users/masekela/documents/visual studio 2010/Projects/HisBodyManager/HisBodyManager.Server.Tests/bin/Debug/HisBodyManager.Server.Tests.DLL" adapterTypeName="Microsoft.VisualStudio.TestTools.TestTypes.Unit.UnitTestAdapter, Microsoft.VisualStudio.QualityTools.Tips.UnitTest.Adapter, Version=10.0.0.0, Culture=neutral, PublicKeyToken=b03f5f7f11d50a3a" className="HisBodyManager.Server.Tests.UnitTest1, HisBodyManager.Server.Tests, Version=1.0.0.0, Culture=neutral, PublicKeyToken=null" name="TestMethod1" />
    </UnitTest>
  </TestDefinitions>
  <TestLists>
    <TestList name="Results Not in a List" id="8c84fa94-04c1-424b-9868-57a2d4851a1d" />
    <TestList name="All Loaded Results" id="19431567-8539-422a-85d7-44ee4e166bda" />
  </TestLists>
  <TestEntries>
    <TestEntry testId="53f08f3f-d925-9060-7d0b-111e549ad640" executionId="e26c2af9-f868-4773-8218-902a764d76c2" testListId="8c84fa94-04c1-424b-9868-57a2d4851a1d" />
    <TestEntry testId="ea795352-e834-3880-357a-52eab3dc0fec" executionId="2fbedf67-abfa-424d-b7e7-92dc64a961e0" testListId="8c84fa94-04c1-424b-9868-57a2d4851a1d" />
    <TestEntry testId="f3dc30d0-0495-bf48-6b87-fbe99048a844" executionId="a6a217af-5092-4178-b837-252f9008c6e7" testListId="8c84fa94-04c1-424b-9868-57a2d4851a1d" />
  </TestEntries>
  <Results>
    <UnitTestResult executionId="e26c2af9-f868-4773-8218-902a764d76c2" testId="53f08f3f-d925-9060-7d0b-111e549ad640" testName="Test_That_UserGroup_IsFullyLoading" computerName="MASEKELA-PC" duration="00:00:17.8556592" startTime="2012-05-04T23:53:33.7057395-07:00" endTime="2012-05-04T23:53:53.8878939-07:00" testType="13cdc9d9-ddb5-4fa4-a97d-d965ccfc6d4b" outcome="Failed" testListId="8c84fa94-04c1-424b-9868-57a2d4851a1d" relativeResultsDirectory="e26c2af9-f868-4773-8218-902a764d76c2">
      <Output>
        <ErrorInfo>
          <Message>Test method HisBodyManager.Tests1.UserEntitiesTests.Test_That_UserGroup_IsFullyLoading threw exception: 
System.NullReferenceException: Object reference not set to an instance of an object.</Message>
          <StackTrace>    at HisBodyManager.Tests1.UserEntitiesTests.Test_That_UserGroup_IsFullyLoading() in c:\users\masekela\documents\visual studio 2010\Projects\HisBodyManager\HisBodyManager.Tests1\UnitTest1.cs:line 40
</StackTrace>
        </ErrorInfo>
      </Output>
    </UnitTestResult>
    <UnitTestResult executionId="2fbedf67-abfa-424d-b7e7-92dc64a961e0" testId="ea795352-e834-3880-357a-52eab3dc0fec" testName="TestMethod1" computerName="MASEKELA-PC" duration="00:00:39.8522794" startTime="2012-05-04T23:53:54.0279019-07:00" endTime="2012-05-04T23:54:33.8801813-07:00" testType="13cdc9d9-ddb5-4fa4-a97d-d965ccfc6d4b" outcome="Aborted" testListId="8c84fa94-04c1-424b-9868-57a2d4851a1d" relativeResultsDirectory="2fbedf67-abfa-424d-b7e7-92dc64a961e0">
    </UnitTestResult>
    <UnitTestResult executionId="a6a217af-5092-4178-b837-252f9008c6e7" testId="f3dc30d0-0495-bf48-6b87-fbe99048a844" testName="User_Test_That_It_Is_Working" computerName="MASEKELA-PC" testType="13cdc9d9-ddb5-4fa4-a97d-d965ccfc6d4b" outcome="NotExecuted" testListId="8c84fa94-04c1-424b-9868-57a2d4851a1d" relativeResultsDirectory="a6a217af-5092-4178-b837-252f9008c6e7">
    </UnitTestResult>
  </Results>
</TestRun>