<?xml version="1.0" encoding="UTF-8"?>
<TestRun id="3fcf462c-3dd4-4888-b337-5075d53e49a1" name="Masekela@MASEKELA-PC 2012-05-04 23:55:09" runUser="Masekela-PC\Masekela" xmlns="http://microsoft.com/schemas/VisualStudio/TeamTest/2010">
  <TestSettings name="Local" id="028481ce-18f8-4c93-ae56-54a3a6e6bada">
    <Description>These are default test settings for a local test run.</Description>
    <Deployment enabled="false" runDeploymentRoot="Masekela_MASEKELA-PC 2012-05-04 23_55_09">
      <DeploymentItem filename="c:\users\masekela\documents\visual studio 2010\Projects\HisBodyManager\HisBodyManager.DataAccess\bin\Debug\HisBodyManager.DataAccess.dll" />
      <DeploymentItem filename="c:\users\masekela\documents\visual studio 2010\Projects\HisBodyManager\HisBodyManager.Library\bin\Debug\HisBodyManager.Library.dll" />
    </Deployment>
    <Execution>
      <TestTypeSpecific />
      <AgentRule name="Execution Agents">
      </AgentRule>
    </Execution>
  </TestSettings>
  <Times creation="2012-05-04T23:55:09.1932011-07:00" queuing="2012-05-04T23:55:19.5537937-07:00" start="2012-05-04T23:55:20.0038194-07:00" finish="2012-05-04T23:56:21.7243496-07:00" />
  <ResultSummary outcome="Failed">
    <Counters total="3" executed="3" passed="2" error="0" failed="1" timeout="0" aborted="0" inconclusive="0" passedButRunAborted="0" notRunnable="0" notExecuted="0" disconnected="0" warning="0" completed="0" inProgress="0" pending="0" />
  </ResultSummary>
  <TestDefinitions>
    <UnitTest name="Test_That_UserGroup_IsFullyLoading" storage="c:\users\masekela\documents\visual studio 2010\projects\hisbodymanager\hisbodymanager.tests1\bin\debug\hisbodymanager.tests1.dll" id="53f08f3f-d925-9060-7d0b-111e549ad640">
      <Execution id="e0a7e602-2122-4cc0-8b24-2270691863c0" />
      <TestMethod codeBase="c:/users/masekela/documents/visual studio 2010/Projects/HisBodyManager/HisBodyManager.Tests1/bin/Debug/HisBodyManager.Tests1.DLL" adapterTypeName="Microsoft.VisualStudio.TestTools.TestTypes.Unit.UnitTestAdapter, Microsoft.VisualStudio.QualityTools.Tips.UnitTest.Adapter, Version=10.0.0.0, Culture=neutral, PublicKeyToken=b03f5f7f11d50a3a" className="HisBodyManager.Tests1.UserEntitiesTests, HisBodyManager.Tests1, Version=1.0.0.0, Culture=neutral, PublicKeyToken=null" name="Test_That_UserGroup_IsFullyLoading" />
    </UnitTest>
    <UnitTest name="User_Test_That_It_Is_Working" storage="c:\users\masekela\documents\visual studio 2010\projects\hisbodymanager\hisbodymanager.tests1\bin\debug\hisbodymanager.tests1.dll" id="f3dc30d0-0495-bf48-6b87-fbe99048a844">
      <Execution id="d9eb7cd3-bbf6-49da-9c51-0358f8902f93" />
      <TestMethod codeBase="c:/users/masekela/documents/visual studio 2010/Projects/HisBodyManager/HisBodyManager.Tests1/bin/Debug/HisBodyManager.Tests1.DLL" adapterTypeName="Microsoft.VisualStudio.TestTools.TestTypes.Unit.UnitTestAdapter, Microsoft.VisualStudio.QualityTools.Tips.UnitTest.Adapter, Version=10.0.0.0, Culture=neutral, PublicKeyToken=b03f5f7f11d50a3a" className="HisBodyManager.Tests1.UserEntitiesTests, HisBodyManager.Tests1, Version=1.0.0.0, Culture=neutral, PublicKeyToken=null" name="User_Test_That_It_Is_Working" />
    </UnitTest>
    <UnitTest name="TestMethod1" storage="c:\users\masekela\documents\visual studio 2010\projects\hisbodymanager\hisbodymanager.server.tests\bin\debug\hisbodymanager.server.tests.dll" id="ea795352-e834-3880-357a-52eab3dc0fec">
      <Execution id="bf778a72-1bdd-43d3-bd0a-2fb56a5e1bed" />
      <TestMethod codeBase="c:/users/masekela/documents/visual studio 2010/Projects/HisBodyManager/HisBodyManager.Server.Tests/bin/Debug/HisBodyManager.Server.Tests.DLL" adapterTypeName="Microsoft.VisualStudio.TestTools.TestTypes.Unit.UnitTestAdapter, Microsoft.VisualStudio.QualityTools.Tips.UnitTest.Adapter, Version=10.0.0.0, Culture=neutral, PublicKeyToken=b03f5f7f11d50a3a" className="HisBodyManager.Server.Tests.UnitTest1, HisBodyManager.Server.Tests, Version=1.0.0.0, Culture=neutral, PublicKeyToken=null" name="TestMethod1" />
    </UnitTest>
  </TestDefinitions>
  <TestLists>
    <TestList name="Results Not in a List" id="8c84fa94-04c1-424b-9868-57a2d4851a1d" />
    <TestList name="All Loaded Results" id="19431567-8539-422a-85d7-44ee4e166bda" />
  </TestLists>
  <TestEntries>
    <TestEntry testId="53f08f3f-d925-9060-7d0b-111e549ad640" executionId="e0a7e602-2122-4cc0-8b24-2270691863c0" testListId="8c84fa94-04c1-424b-9868-57a2d4851a1d" />
    <TestEntry testId="ea795352-e834-3880-357a-52eab3dc0fec" executionId="bf778a72-1bdd-43d3-bd0a-2fb56a5e1bed" testListId="8c84fa94-04c1-424b-9868-57a2d4851a1d" />
    <TestEntry testId="f3dc30d0-0495-bf48-6b87-fbe99048a844" executionId="d9eb7cd3-bbf6-49da-9c51-0358f8902f93" testListId="8c84fa94-04c1-424b-9868-57a2d4851a1d" />
  </TestEntries>
  <Results>
    <UnitTestResult executionId="e0a7e602-2122-4cc0-8b24-2270691863c0" testId="53f08f3f-d925-9060-7d0b-111e549ad640" testName="Test_That_UserGroup_IsFullyLoading" computerName="MASEKELA-PC" duration="00:00:11.5311337" startTime="2012-05-04T23:55:20.3328382-07:00" endTime="2012-05-04T23:55:33.6485999-07:00" testType="13cdc9d9-ddb5-4fa4-a97d-d965ccfc6d4b" outcome="Failed" testListId="8c84fa94-04c1-424b-9868-57a2d4851a1d" relativeResultsDirectory="e0a7e602-2122-4cc0-8b24-2270691863c0">
      <Output>
        <ErrorInfo>
          <Message>Test method HisBodyManager.Tests1.UserEntitiesTests.Test_That_UserGroup_IsFullyLoading threw exception: 
System.NullReferenceException: Object reference not set to an instance of an object.</Message>
          <StackTrace>    at HisBodyManager.Tests1.UserEntitiesTests.Test_That_UserGroup_IsFullyLoading() in c:\users\masekela\documents\visual studio 2010\Projects\HisBodyManager\HisBodyManager.Tests1\UnitTest1.cs:line 40
</StackTrace>
        </ErrorInfo>
      </Output>
    </UnitTestResult>
    <UnitTestResult executionId="bf778a72-1bdd-43d3-bd0a-2fb56a5e1bed" testId="ea795352-e834-3880-357a-52eab3dc0fec" testName="TestMethod1" computerName="MASEKELA-PC" duration="00:00:41.8179395" startTime="2012-05-04T23:55:33.7106034-07:00" endTime="2012-05-04T23:56:17.3731008-07:00" testType="13cdc9d9-ddb5-4fa4-a97d-d965ccfc6d4b" outcome="Passed" testListId="8c84fa94-04c1-424b-9868-57a2d4851a1d" relativeResultsDirectory="bf778a72-1bdd-43d3-bd0a-2fb56a5e1bed">
    </UnitTestResult>
    <UnitTestResult executionId="d9eb7cd3-bbf6-49da-9c51-0358f8902f93" testId="f3dc30d0-0495-bf48-6b87-fbe99048a844" testName="User_Test_That_It_Is_Working" computerName="MASEKELA-PC" duration="00:00:03.5191462" startTime="2012-05-04T23:56:17.4421047-07:00" endTime="2012-05-04T23:56:20.9933078-07:00" testType="13cdc9d9-ddb5-4fa4-a97d-d965ccfc6d4b" outcome="Passed" testListId="8c84fa94-04c1-424b-9868-57a2d4851a1d" relativeResultsDirectory="d9eb7cd3-bbf6-49da-9c51-0358f8902f93">
    </UnitTestResult>
  </Results>
</TestRun>