<?xml version="1.0" encoding="UTF-8"?>
<TestRun id="4afac4f3-6265-455e-9582-433754b904b7" name="Masekela@MASEKELA-PC 2012-05-04 23:49:26" runUser="Masekela-PC\Masekela" xmlns="http://microsoft.com/schemas/VisualStudio/TeamTest/2010">
  <TestSettings name="Local" id="028481ce-18f8-4c93-ae56-54a3a6e6bada">
    <Description>These are default test settings for a local test run.</Description>
    <Deployment enabled="false" runDeploymentRoot="Masekela_MASEKELA-PC 2012-05-04 23_49_26" />
    <Execution>
      <TestTypeSpecific />
      <AgentRule name="Execution Agents">
      </AgentRule>
    </Execution>
  </TestSettings>
  <Times creation="2012-05-04T23:49:26.5166011-07:00" queuing="2012-05-04T23:49:36.8111899-07:00" start="2012-05-04T23:49:37.3502208-07:00" finish="2012-05-04T23:50:52.7145314-07:00" />
  <ResultSummary outcome="Error">
    <Counters total="1" executed="1" error="0" failed="0" timeout="0" aborted="1" inconclusive="0" passedButRunAborted="0" notRunnable="0" notExecuted="0" disconnected="0" warning="0" passed="0" completed="0" inProgress="0" pending="0" />
    <RunInfos>
      <RunInfo computerName="MASEKELA-PC" outcome="Error" timestamp="2012-05-04T23:50:52.6765292-07:00">
        <Text>Test host process exited unexpectedly.</Text>
      </RunInfo>
    </RunInfos>
  </ResultSummary>
  <TestDefinitions>
    <UnitTest name="TestMethod1" storage="c:\users\masekela\documents\visual studio 2010\projects\hisbodymanager\hisbodymanager.server.tests\bin\debug\hisbodymanager.server.tests.dll" id="ea795352-e834-3880-357a-52eab3dc0fec">
      <Execution id="5370bcb2-e1fa-4f89-8741-ea0136018e72" />
      <TestMethod codeBase="c:/users/masekela/documents/visual studio 2010/Projects/HisBodyManager/HisBodyManager.Server.Tests/bin/Debug/HisBodyManager.Server.Tests.DLL" adapterTypeName="Microsoft.VisualStudio.TestTools.TestTypes.Unit.UnitTestAdapter, Microsoft.VisualStudio.QualityTools.Tips.UnitTest.Adapter, Version=10.0.0.0, Culture=neutral, PublicKeyToken=b03f5f7f11d50a3a" className="HisBodyManager.Server.Tests.UnitTest1, HisBodyManager.Server.Tests, Version=1.0.0.0, Culture=neutral, PublicKeyToken=null" name="TestMethod1" />
    </UnitTest>
  </TestDefinitions>
  <TestLists>
    <TestList name="Results Not in a List" id="8c84fa94-04c1-424b-9868-57a2d4851a1d" />
    <TestList name="All Loaded Results" id="19431567-8539-422a-85d7-44ee4e166bda" />
  </TestLists>
  <TestEntries>
    <TestEntry testId="ea795352-e834-3880-357a-52eab3dc0fec" executionId="5370bcb2-e1fa-4f89-8741-ea0136018e72" testListId="8c84fa94-04c1-424b-9868-57a2d4851a1d" />
  </TestEntries>
  <Results>
    <UnitTestResult executionId="5370bcb2-e1fa-4f89-8741-ea0136018e72" testId="ea795352-e834-3880-357a-52eab3dc0fec" testName="TestMethod1" computerName="MASEKELA-PC" duration="00:01:14.9072845" startTime="2012-05-04T23:49:37.8072469-07:00" endTime="2012-05-04T23:50:52.7145314-07:00" testType="13cdc9d9-ddb5-4fa4-a97d-d965ccfc6d4b" outcome="Aborted" testListId="8c84fa94-04c1-424b-9868-57a2d4851a1d" relativeResultsDirectory="5370bcb2-e1fa-4f89-8741-ea0136018e72">
    </UnitTestResult>
  </Results>
</TestRun>